<?xml version="1.0" encoding="UTF-8"?>
<!-- Generated by org.testng.reporters.JUnitReportReporter -->
<testsuite hostname="DESKTOP-UPOV6RS" failures="0" tests="1" name="parallelExecution.test" time="16.793" errors="0" timestamp="2022-11-17T12:05:25 IST" skipped="0">
  <testcase classname="parallelExecution.test" name="SoartablePerformance" time="16.793"/>
  <system-out/>
</testsuite> <!-- parallelExecution.test -->
