<?xml version="1.0" encoding="UTF-8"?>
<!-- Generated by org.testng.reporters.JUnitReportReporter -->
<testsuite hostname="DESKTOP-UPOV6RS" failures="0" tests="15" name="parallelExecution.Interactions" time="60.565" errors="0" timestamp="2022-11-25T15:34:41 IST" skipped="0">
  <testcase classname="parallelExecution.Interactions" name="draggingPerformance" time="3.613"/>
  <system-out/>
  <testcase classname="parallelExecution.Interactions" name="draggingPerformance" time="3.394"/>
  <system-out/>
  <testcase classname="parallelExecution.Interactions" name="draggingPerformance" time="3.318"/>
  <system-out/>
  <testcase classname="parallelExecution.Interactions" name="droppblePerformance" time="2.113"/>
  <system-out/>
  <testcase classname="parallelExecution.Interactions" name="droppblePerformance" time="2.014"/>
  <system-out/>
  <testcase classname="parallelExecution.Interactions" name="droppblePerformance" time="2.533"/>
  <system-out/>
  <testcase classname="parallelExecution.Interactions" name="ResizablePerformance" time="2.420"/>
  <system-out/>
  <testcase classname="parallelExecution.Interactions" name="ResizablePerformance" time="2.973"/>
  <system-out/>
  <testcase classname="parallelExecution.Interactions" name="ResizablePerformance" time="2.535"/>
  <system-out/>
  <testcase classname="parallelExecution.Interactions" name="SelectablePerformance" time="3.141"/>
  <system-out/>
  <testcase classname="parallelExecution.Interactions" name="SelectablePerformance" time="2.811"/>
  <system-out/>
  <testcase classname="parallelExecution.Interactions" name="SelectablePerformance" time="3.517"/>
  <system-out/>
  <testcase classname="parallelExecution.Interactions" name="SoartablePerformance" time="8.940"/>
  <system-out/>
  <testcase classname="parallelExecution.Interactions" name="SoartablePerformance" time="8.195"/>
  <system-out/>
  <testcase classname="parallelExecution.Interactions" name="SoartablePerformance" time="9.048"/>
  <system-out/>
</testsuite> <!-- parallelExecution.Interactions -->
